This file contains any messages produced by compilers while
running configure, to aid debugging if configure makes a mistake.

It was created by libenet configure 9-15-2008, which was
generated by GNU Autoconf 2.61.  Invocation command line was

  $ ./configure 

## --------- ##
## Platform. ##
## --------- ##

hostname = mongrel.local
uname -m = i386
uname -r = 9.8.0
uname -s = Darwin
uname -v = Darwin Kernel Version 9.8.0: Wed Jul 15 16:55:01 PDT 2009; root:xnu-1228.15.4~1/RELEASE_I386

/usr/bin/uname -p = i386
/bin/uname -X     = unknown

/bin/arch              = unknown
/usr/bin/arch -k       = unknown
/usr/convex/getsysinfo = unknown
/usr/bin/hostinfo      = Mach kernel version:
	 Darwin Kernel Version 9.8.0: Wed Jul 15 16:55:01 PDT 2009; root:xnu-1228.15.4~1/RELEASE_I386
Kernel configured for up to 2 processors.
2 processors are physically available.
2 processors are logically available.
Processor type: i486 (Intel 80486)
Processors active: 0 1
Primary memory available: 2.00 gigabytes
Default processor set: 65 tasks, 330 threads, 2 processors
Load average: 0.52, Mach factor: 1.47
/bin/machine           = unknown
/usr/bin/oslevel       = unknown
/bin/universe          = unknown

PATH: /sw/bin
PATH: /sw/sbin
PATH: /usr/bin
PATH: /bin
PATH: /usr/sbin
PATH: /sbin
PATH: /usr/local/bin
PATH: /usr/texbin
PATH: /usr/X11/bin
PATH: /usr/local/git/bin
PATH: /usr/X11R6/bin


## ----------- ##
## Core tests. ##
## ----------- ##

configure:1735: checking for a BSD-compatible install
configure:1791: result: /usr/bin/install -c
configure:1802: checking whether build environment is sane
configure:1845: result: yes
configure:1873: checking for a thread-safe mkdir -p
configure:1912: result: ./install-sh -c -d
configure:1925: checking for gawk
configure:1941: found /sw/bin/gawk
configure:1952: result: gawk
configure:1963: checking whether make sets $(MAKE)
configure:1984: result: yes
configure:2221: checking for gcc
configure:2237: found /usr/bin/gcc
configure:2248: result: gcc
configure:2486: checking for C compiler version
configure:2493: gcc --version >&5
i686-apple-darwin9-gcc-4.0.1 (GCC) 4.0.1 (Apple Inc. build 5493)
Copyright (C) 2005 Free Software Foundation, Inc.
This is free software; see the source for copying conditions.  There is NO
warranty; not even for MERCHANTABILITY or FITNESS FOR A PARTICULAR PURPOSE.

configure:2496: $? = 0
configure:2503: gcc -v >&5
Using built-in specs.
Target: i686-apple-darwin9
Configured with: /var/tmp/gcc/gcc-5493~1/src/configure --disable-checking -enable-werror --prefix=/usr --mandir=/share/man --enable-languages=c,objc,c++,obj-c++ --program-transform-name=/^[cg][^.-]*$/s/$/-4.0/ --with-gxx-include-dir=/include/c++/4.0.0 --with-slibdir=/usr/lib --build=i686-apple-darwin9 --with-arch=apple --with-tune=generic --host=i686-apple-darwin9 --target=i686-apple-darwin9
Thread model: posix
gcc version 4.0.1 (Apple Inc. build 5493)
configure:2506: $? = 0
configure:2513: gcc -V >&5
gcc-4.0: argument to `-V' is missing
configure:2516: $? = 1
configure:2539: checking for C compiler default output file name
configure:2566: gcc    conftest.c  >&5
configure:2569: $? = 0
configure:2607: result: a.out
configure:2624: checking whether the C compiler works
configure:2634: ./a.out
configure:2637: $? = 0
configure:2654: result: yes
configure:2661: checking whether we are cross compiling
configure:2663: result: no
configure:2666: checking for suffix of executables
configure:2673: gcc -o conftest    conftest.c  >&5
configure:2676: $? = 0
configure:2700: result: 
configure:2706: checking for suffix of object files
configure:2732: gcc -c   conftest.c >&5
configure:2735: $? = 0
configure:2758: result: o
configure:2762: checking whether we are using the GNU C compiler
configure:2791: gcc -c   conftest.c >&5
configure:2797: $? = 0
configure:2814: result: yes
configure:2819: checking whether gcc accepts -g
configure:2849: gcc -c -g  conftest.c >&5
configure:2855: $? = 0
configure:2954: result: yes
configure:2971: checking for gcc option to accept ISO C89
configure:3045: gcc  -c -g -O2  conftest.c >&5
configure:3051: $? = 0
configure:3074: result: none needed
configure:3103: checking for style of include used by make
configure:3131: result: GNU
configure:3156: checking dependency style of gcc
configure:3247: result: gcc3
configure:3305: checking for ranlib
configure:3321: found /usr/bin/ranlib
configure:3332: result: ranlib
configure:3360: checking for gethostbyaddr_r
configure:3416: gcc -o conftest -g -O2   conftest.c  >&5
Undefined symbols:
  "_gethostbyaddr_r", referenced from:
      _main in ccLn8zcC.o
ld: symbol(s) not found
collect2: ld returned 1 exit status
configure:3422: $? = 1
configure: failed program was:
| /* confdefs.h.  */
| #define PACKAGE_NAME "libenet"
| #define PACKAGE_TARNAME "libenet"
| #define PACKAGE_VERSION "9-15-2008"
| #define PACKAGE_STRING "libenet 9-15-2008"
| #define PACKAGE_BUGREPORT ""
| #define PACKAGE "libenet.a"
| #define VERSION "9-15-2008"
| /* end confdefs.h.  */
| /* Define gethostbyaddr_r to an innocuous variant, in case <limits.h> declares gethostbyaddr_r.
|    For example, HP-UX 11i <limits.h> declares gettimeofday.  */
| #define gethostbyaddr_r innocuous_gethostbyaddr_r
| 
| /* System header to define __stub macros and hopefully few prototypes,
|     which can conflict with char gethostbyaddr_r (); below.
|     Prefer <limits.h> to <assert.h> if __STDC__ is defined, since
|     <limits.h> exists even on freestanding compilers.  */
| 
| #ifdef __STDC__
| # include <limits.h>
| #else
| # include <assert.h>
| #endif
| 
| #undef gethostbyaddr_r
| 
| /* Override any GCC internal prototype to avoid an error.
|    Use char because int might match the return type of a GCC
|    builtin and then its argument prototype would still apply.  */
| #ifdef __cplusplus
| extern "C"
| #endif
| char gethostbyaddr_r ();
| /* The GNU C library defines this for functions which it implements
|     to always fail with ENOSYS.  Some functions are actually named
|     something starting with __ and the normal name is an alias.  */
| #if defined __stub_gethostbyaddr_r || defined __stub___gethostbyaddr_r
| choke me
| #endif
| 
| int
| main ()
| {
| return gethostbyaddr_r ();
|   ;
|   return 0;
| }
configure:3439: result: no
configure:3448: checking for gethostbyname_r
configure:3504: gcc -o conftest -g -O2   conftest.c  >&5
Undefined symbols:
  "_gethostbyname_r", referenced from:
      _main in cccTu77k.o
ld: symbol(s) not found
collect2: ld returned 1 exit status
configure:3510: $? = 1
configure: failed program was:
| /* confdefs.h.  */
| #define PACKAGE_NAME "libenet"
| #define PACKAGE_TARNAME "libenet"
| #define PACKAGE_VERSION "9-15-2008"
| #define PACKAGE_STRING "libenet 9-15-2008"
| #define PACKAGE_BUGREPORT ""
| #define PACKAGE "libenet.a"
| #define VERSION "9-15-2008"
| /* end confdefs.h.  */
| /* Define gethostbyname_r to an innocuous variant, in case <limits.h> declares gethostbyname_r.
|    For example, HP-UX 11i <limits.h> declares gettimeofday.  */
| #define gethostbyname_r innocuous_gethostbyname_r
| 
| /* System header to define __stub macros and hopefully few prototypes,
|     which can conflict with char gethostbyname_r (); below.
|     Prefer <limits.h> to <assert.h> if __STDC__ is defined, since
|     <limits.h> exists even on freestanding compilers.  */
| 
| #ifdef __STDC__
| # include <limits.h>
| #else
| # include <assert.h>
| #endif
| 
| #undef gethostbyname_r
| 
| /* Override any GCC internal prototype to avoid an error.
|    Use char because int might match the return type of a GCC
|    builtin and then its argument prototype would still apply.  */
| #ifdef __cplusplus
| extern "C"
| #endif
| char gethostbyname_r ();
| /* The GNU C library defines this for functions which it implements
|     to always fail with ENOSYS.  Some functions are actually named
|     something starting with __ and the normal name is an alias.  */
| #if defined __stub_gethostbyname_r || defined __stub___gethostbyname_r
| choke me
| #endif
| 
| int
| main ()
| {
| return gethostbyname_r ();
|   ;
|   return 0;
| }
configure:3527: result: no
configure:3536: checking for poll
configure:3592: gcc -o conftest -g -O2   conftest.c  >&5
configure:3598: $? = 0
configure:3615: result: yes
configure:3624: checking for fcntl
configure:3680: gcc -o conftest -g -O2   conftest.c  >&5
configure:3686: $? = 0
configure:3703: result: yes
configure:3712: checking for inet_pton
configure:3768: gcc -o conftest -g -O2   conftest.c  >&5
configure:3774: $? = 0
configure:3791: result: yes
configure:3800: checking for inet_ntop
configure:3856: gcc -o conftest -g -O2   conftest.c  >&5
configure:3862: $? = 0
configure:3879: result: yes
configure:3889: checking for struct msghdr.msg_flags
configure:3918: gcc -c -g -O2  conftest.c >&5
configure:3924: $? = 0
configure:3982: result: yes
configure:3992: checking for socklen_t
configure:4025: gcc -c -g -O2  conftest.c >&5
configure:4031: $? = 0
configure:4046: result: yes
configure:4061: checking how to run the C preprocessor
configure:4101: gcc -E  conftest.c
configure:4107: $? = 0
configure:4138: gcc -E  conftest.c
conftest.c:16:28: error: ac_nonexistent.h: No such file or directory
configure:4144: $? = 1
configure: failed program was:
| /* confdefs.h.  */
| #define PACKAGE_NAME "libenet"
| #define PACKAGE_TARNAME "libenet"
| #define PACKAGE_VERSION "9-15-2008"
| #define PACKAGE_STRING "libenet 9-15-2008"
| #define PACKAGE_BUGREPORT ""
| #define PACKAGE "libenet.a"
| #define VERSION "9-15-2008"
| #define HAS_POLL 1
| #define HAS_FCNTL 1
| #define HAS_INET_PTON 1
| #define HAS_INET_NTOP 1
| #define HAS_MSGHDR_FLAGS 1
| #define HAS_SOCKLEN_T 1
| /* end confdefs.h.  */
| #include <ac_nonexistent.h>
configure:4177: result: gcc -E
configure:4206: gcc -E  conftest.c
configure:4212: $? = 0
configure:4243: gcc -E  conftest.c
conftest.c:16:28: error: ac_nonexistent.h: No such file or directory
configure:4249: $? = 1
configure: failed program was:
| /* confdefs.h.  */
| #define PACKAGE_NAME "libenet"
| #define PACKAGE_TARNAME "libenet"
| #define PACKAGE_VERSION "9-15-2008"
| #define PACKAGE_STRING "libenet 9-15-2008"
| #define PACKAGE_BUGREPORT ""
| #define PACKAGE "libenet.a"
| #define VERSION "9-15-2008"
| #define HAS_POLL 1
| #define HAS_FCNTL 1
| #define HAS_INET_PTON 1
| #define HAS_INET_NTOP 1
| #define HAS_MSGHDR_FLAGS 1
| #define HAS_SOCKLEN_T 1
| /* end confdefs.h.  */
| #include <ac_nonexistent.h>
configure:4287: checking for grep that handles long lines and -e
configure:4361: result: /usr/bin/grep
configure:4366: checking for egrep
configure:4444: result: /usr/bin/grep -E
conftest.c:16:20: error: socket.h: No such file or directory
configure:4486: checking whether to use CRC32
configure:4502: result: no
configure:4653: creating ./config.status

## ---------------------- ##
## Running config.status. ##
## ---------------------- ##

This file was extended by libenet config.status 9-15-2008, which was
generated by GNU Autoconf 2.61.  Invocation command line was

  CONFIG_FILES    = 
  CONFIG_HEADERS  = 
  CONFIG_LINKS    = 
  CONFIG_COMMANDS = 
  $ ./config.status 

on mongrel.local

config.status:621: creating Makefile
config.status:621: creating include/Makefile
config.status:621: creating include/enet/Makefile
config.status:812: executing depfiles commands

## ---------------- ##
## Cache variables. ##
## ---------------- ##

ac_cv_c_compiler_gnu=yes
ac_cv_env_CC_set=
ac_cv_env_CC_value=
ac_cv_env_CFLAGS_set=
ac_cv_env_CFLAGS_value=
ac_cv_env_CPPFLAGS_set=
ac_cv_env_CPPFLAGS_value=
ac_cv_env_CPP_set=
ac_cv_env_CPP_value=
ac_cv_env_LDFLAGS_set=
ac_cv_env_LDFLAGS_value=
ac_cv_env_LIBS_set=
ac_cv_env_LIBS_value=
ac_cv_env_build_alias_set=
ac_cv_env_build_alias_value=
ac_cv_env_host_alias_set=
ac_cv_env_host_alias_value=
ac_cv_env_target_alias_set=
ac_cv_env_target_alias_value=
ac_cv_func_fcntl=yes
ac_cv_func_gethostbyaddr_r=no
ac_cv_func_gethostbyname_r=no
ac_cv_func_inet_ntop=yes
ac_cv_func_inet_pton=yes
ac_cv_func_poll=yes
ac_cv_member_struct_msghdr_msg_flags=yes
ac_cv_objext=o
ac_cv_path_EGREP='/usr/bin/grep -E'
ac_cv_path_GREP=/usr/bin/grep
ac_cv_path_INTLTOOL_PERL=/usr/bin/perl
ac_cv_path_install='/usr/bin/install -c'
ac_cv_prog_AWK=gawk
ac_cv_prog_CPP='gcc -E'
ac_cv_prog_ac_ct_CC=gcc
ac_cv_prog_ac_ct_RANLIB=ranlib
ac_cv_prog_cc_c89=
ac_cv_prog_cc_g=yes
ac_cv_prog_make_make_set=yes
ac_cv_type_socklen_t=yes
am_cv_CC_dependencies_compiler_type=gcc3

## ----------------- ##
## Output variables. ##
## ----------------- ##

ACLOCAL='${SHELL} /Users/gregoryhaynes/sourcecode/enet/missing --run aclocal-1.10'
AMDEPBACKSLASH='\'
AMDEP_FALSE='#'
AMDEP_TRUE=''
AMTAR='${SHELL} /Users/gregoryhaynes/sourcecode/enet/missing --run tar'
AUTOCONF='${SHELL} /Users/gregoryhaynes/sourcecode/enet/missing --run autoconf'
AUTOHEADER='${SHELL} /Users/gregoryhaynes/sourcecode/enet/missing --run autoheader'
AUTOMAKE='${SHELL} /Users/gregoryhaynes/sourcecode/enet/missing --run automake-1.10'
AWK='gawk'
CC='gcc'
CCDEPMODE='depmode=gcc3'
CFLAGS='-g -O2'
CPP='gcc -E'
CPPFLAGS=''
CYGPATH_W='echo'
DEFS='-DPACKAGE_NAME=\"libenet\" -DPACKAGE_TARNAME=\"libenet\" -DPACKAGE_VERSION=\"9-15-2008\" -DPACKAGE_STRING=\"libenet\ 9-15-2008\" -DPACKAGE_BUGREPORT=\"\" -DPACKAGE=\"libenet.a\" -DVERSION=\"9-15-2008\" -DHAS_POLL=1 -DHAS_FCNTL=1 -DHAS_INET_PTON=1 -DHAS_INET_NTOP=1 -DHAS_MSGHDR_FLAGS=1 -DHAS_SOCKLEN_T=1'
DEPDIR='.deps'
ECHO_C='ECHO_N=''
ECHO_T=''
EGREP='/usr/bin/grep -E'
EXEEXT=''
GREP='/usr/bin/grep'
INSTALL_DATA='${INSTALL} -m 644'
INSTALL_PROGRAM='${INSTALL}'
INSTALL_SCRIPT='${INSTALL}'
INSTALL_STRIP_PROGRAM='$(install_sh) -c -s'
LDFLAGS=''
LIBOBJS=''
LIBS=''
LTLIBOBJS=''
MAKEINFO='${SHELL} /Users/gregoryhaynes/sourcecode/enet/missing --run makeinfo'
OBJEXT='o'
PACKAGE='libenet.a'
PACKAGE_BUGREPORT=''
PACKAGE_NAME='libenet'
PACKAGE_STRING='libenet 9-15-2008'
PACKAGE_TARNAME='libenet'
PACKAGE_VERSION='9-15-2008'
PATH_SEPARATOR=':'
RANLIB='ranlib'
SET_MAKE=''
SHELL='/bin/sh'
STRIP=''
VERSION='9-15-2008'
ac_ct_CC='gcc'
am__fastdepCC_FALSE='#'
am__fastdepCC_TRUE=''
am__include='include'
am__isrc=''
am__leading_dot='.'
am__quote=''
am__tar='${AMTAR} chof - "$$tardir"'
am__untar='${AMTAR} xf -'
bindir='${exec_prefix}/bin'
build_alias=''
datadir='${datarootdir}'
datarootdir='${prefix}/share'
docdir='${datarootdir}/doc/${PACKAGE_TARNAME}'
dvidir='${docdir}'
exec_prefix='${prefix}'
host_alias=''
htmldir='${docdir}'
includedir='${prefix}/include'
infodir='${datarootdir}/info'
install_sh='$(SHELL) /Users/gregoryhaynes/sourcecode/enet/install-sh'
libdir='${exec_prefix}/lib'
libexecdir='${exec_prefix}/libexec'
localedir='${datarootdir}/locale'
localstatedir='${prefix}/var'
mandir='${datarootdir}/man'
mkdir_p='$(top_builddir)/./install-sh -c -d'
oldincludedir='/usr/include'
pdfdir='${docdir}'
prefix='/usr/local'
program_transform_name='s,x,x,'
psdir='${docdir}'
sbindir='${exec_prefix}/sbin'
sharedstatedir='${prefix}/com'
sysconfdir='${prefix}/etc'
target_alias=''

## ----------- ##
## confdefs.h. ##
## ----------- ##

#define PACKAGE_NAME "libenet"
#define PACKAGE_TARNAME "libenet"
#define PACKAGE_VERSION "9-15-2008"
#define PACKAGE_STRING "libenet 9-15-2008"
#define PACKAGE_BUGREPORT ""
#define PACKAGE "libenet.a"
#define VERSION "9-15-2008"
#define HAS_POLL 1
#define HAS_FCNTL 1
#define HAS_INET_PTON 1
#define HAS_INET_NTOP 1
#define HAS_MSGHDR_FLAGS 1
#define HAS_SOCKLEN_T 1

configure: exit 0
